<?xml version="1.0" encoding="UTF-8"?>
<testng-results ignored="0" total="1" passed="1" failed="0" skipped="0">
  <reporter-output>
  </reporter-output>
  <suite started-at="2019-12-24T21:43:42 NZDT" name="Default suite" finished-at="2019-12-24T21:44:00 NZDT" duration-ms="18096">
    <groups>
    </groups>
    <test started-at="2019-12-24T21:43:42 NZDT" name="Default test" finished-at="2019-12-24T21:44:00 NZDT" duration-ms="18096">
      <class name="com.log4j.test.LoginTest">
        <test-method is-config="true" signature="setup()[pri:0, instance:com.log4j.test.LoginTest@4fe767f3]" started-at="2019-12-24T21:43:42 NZDT" name="setup" finished-at="2019-12-24T21:43:59 NZDT" duration-ms="16791" status="PASS">
          <reporter-output>
          </reporter-output>
        </test-method> <!-- setup -->
        <test-method signature="loginPageTitleTest()[pri:1, instance:com.log4j.test.LoginTest@4fe767f3]" started-at="2019-12-24T21:43:59 NZDT" name="loginPageTitleTest" finished-at="2019-12-24T21:43:59 NZDT" duration-ms="41" status="PASS">
          <reporter-output>
          </reporter-output>
        </test-method> <!-- loginPageTitleTest -->
        <test-method is-config="true" signature="tearDown()[pri:0, instance:com.log4j.test.LoginTest@4fe767f3]" started-at="2019-12-24T21:43:59 NZDT" name="tearDown" finished-at="2019-12-24T21:44:00 NZDT" duration-ms="1179" status="PASS">
          <reporter-output>
          </reporter-output>
        </test-method> <!-- tearDown -->
      </class> <!-- com.log4j.test.LoginTest -->
    </test> <!-- Default test -->
  </suite> <!-- Default suite -->
</testng-results>
